\BOOKMARK [0][-]{Doc-Start}{\376\377\000P\000O\000R\000T\000A\000D\000A}{}% 1
\BOOKMARK [0][-]{chapter*.1}{\376\377\000a\000p\000r\000o\000b\000a\000c\000i\000\363\000n\000\040\000d\000e\000l\000\040\000t\000u\000t\000o\000r}{}% 2
\BOOKMARK [0][-]{chapter*.2}{\376\377\000a\000u\000t\000o\000r\000\355\000a}{}% 3
\BOOKMARK [0][-]{chapter*.3}{\376\377\000d\000e\000r\000e\000c\000h\000o\000s\000\040\000d\000e\000\040\000a\000u\000t\000o\000r}{}% 4
\BOOKMARK [0][-]{chapter*.4}{\376\377\000a\000p\000r\000o\000b\000a\000c\000i\000\363\000n\000\040\000d\000e\000l\000\040\000t\000r\000i\000b\000u\000n\000a\000l\000\040\000d\000e\000\040\000g\000r\000a\000d\000o}{}% 5
\BOOKMARK [0][-]{section*.5}{\376\377\000D\000E\000D\000I\000C\000A\000T\000O\000R\000I\000A}{}% 6
\BOOKMARK [0][-]{section*.6}{\376\377\000A\000G\000R\000A\000D\000E\000C\000I\000M\000I\000E\000N\000T\000O}{}% 7
\BOOKMARK [0][-]{section*.6}{\376\377\000\355\000n\000d\000i\000c\000e\000\040\000g\000e\000n\000e\000r\000a\000l\000\040\000d\000e\000\040\000c\000o\000n\000t\000e\000n\000i\000d\000o\000s}{}% 8
\BOOKMARK [0][-]{section*.6}{\376\377\000\355\000n\000d\000i\000c\000e\000\040\000d\000e\000\040\000t\000a\000b\000l\000a\000s}{}% 9
\BOOKMARK [0][-]{section*.6}{\376\377\000\355\000n\000d\000i\000c\000e\000\040\000d\000e\000\040\000f\000i\000g\000u\000r\000a\000s}{}% 10
\BOOKMARK [0][-]{section*.6}{\376\377\000\355\000n\000d\000i\000c\000e\000\040\000d\000e\000\040\000a\000n\000e\000x\000o\000s}{}% 11
\BOOKMARK [0][-]{chapter*.8}{\376\377\000A\000B\000S\000T\000R\000A\000C\000T}{}% 12
\BOOKMARK [0][-]{chapter.1}{\376\377\000M\000A\000R\000C\000O\000\040\000T\000E\000\323\000R\000I\000C\000O}{}% 13
\BOOKMARK [1][-]{section.1.1}{\376\377\000T\000e\000m\000a\000\040\000d\000e\000\040\000i\000n\000v\000e\000s\000t\000i\000g\000a\000c\000i\000\363\000n}{chapter.1}% 14
\BOOKMARK [2][-]{subsection.1.1.1}{\376\377\000P\000l\000a\000n\000t\000e\000a\000m\000i\000e\000n\000t\000o\000\040\000d\000e\000l\000\040\000p\000r\000o\000b\000l\000e\000m\000a}{section.1.1}% 15
\BOOKMARK [2][-]{subsection.1.1.2}{\376\377\000A\000n\000t\000e\000c\000e\000d\000e\000n\000t\000e\000s\000\040\000i\000n\000v\000e\000s\000t\000i\000g\000a\000t\000i\000v\000o\000s}{section.1.1}% 16
\BOOKMARK [1][-]{section.1.2}{\376\377\000F\000u\000n\000d\000a\000m\000e\000n\000t\000a\000c\000i\000\363\000n\000\040\000t\000e\000\363\000r\000i\000c\000a}{chapter.1}% 17
\BOOKMARK [2][-]{subsection.1.2.1}{\376\377\000C\000o\000n\000d\000o\000m\000i\000n\000i\000o}{section.1.2}% 18
\BOOKMARK [2][-]{subsection.1.2.2}{\376\377\000G\000e\000s\000t\000i\000\363\000n\000\040\000a\000d\000m\000i\000n\000i\000s\000t\000r\000a\000t\000i\000v\000a}{section.1.2}% 19
\BOOKMARK [2][-]{subsection.1.2.3}{\376\377\000M\000o\000d\000e\000l\000o\000\040\000d\000e\000\040\000g\000e\000s\000t\000i\000\363\000n}{section.1.2}% 20
\BOOKMARK [2][-]{subsection.1.2.4}{\376\377\000L\000e\000y\000\040\000d\000e\000\040\000p\000r\000o\000p\000i\000e\000d\000a\000d\000\040\000h\000o\000r\000i\000z\000o\000n\000t\000a\000l}{section.1.2}% 21
\BOOKMARK [2][-]{subsection.1.2.5}{\376\377\000S\000i\000s\000t\000e\000m\000a\000\040\000w\000e\000b}{section.1.2}% 22
\BOOKMARK [2][-]{subsection.1.2.6}{\376\377\000S\000i\000s\000t\000e\000m\000a\000\040\000m\000\363\000v\000i\000l}{section.1.2}% 23
\BOOKMARK [2][-]{subsection.1.2.7}{\376\377\000A\000P\000I}{section.1.2}% 24
\BOOKMARK [2][-]{subsection.1.2.8}{\376\377\000G\000e\000s\000t\000o\000r\000\040\000d\000e\000\040\000b\000a\000s\000e\000s\000\040\000d\000e\000\040\000d\000a\000t\000o\000s}{section.1.2}% 25
\BOOKMARK [2][-]{subsection.1.2.9}{\376\377\000L\000e\000n\000g\000u\000a\000j\000e\000s\000\040\000d\000e\000\040\000p\000r\000o\000g\000r\000a\000m\000a\000c\000i\000\363\000n}{section.1.2}% 26
\BOOKMARK [2][-]{subsection.1.2.10}{\376\377\000F\000r\000a\000m\000e\000w\000o\000r\000k}{section.1.2}% 27
\BOOKMARK [2][-]{subsection.1.2.11}{\376\377\000G\000I\000T}{section.1.2}% 28
\BOOKMARK [2][-]{subsection.1.2.12}{\376\377\000D\000i\000a\000g\000r\000a\000m\000a\000s\000\040\000d\000e\000\040\000d\000i\000s\000e\000\361\000o}{section.1.2}% 29
\BOOKMARK [2][-]{subsection.1.2.13}{\376\377\000P\000a\000t\000r\000o\000n\000e\000s\000\040\000d\000e\000\040\000a\000r\000q\000u\000i\000t\000e\000c\000t\000u\000r\000a\000\040\000d\000e\000\040\000s\000o\000f\000t\000w\000a\000r\000e}{section.1.2}% 30
\BOOKMARK [2][-]{subsection.1.2.14}{\376\377\000M\000e\000t\000o\000d\000o\000l\000o\000g\000\355\000a\000s\000\040\000d\000e\000\040\000d\000e\000s\000a\000r\000r\000o\000l\000l\000o\000\040\000d\000e\000\040\000s\000o\000f\000t\000w\000a\000r\000e}{section.1.2}% 31
\BOOKMARK [2][-]{subsection.1.2.15}{\376\377\000M\000o\000d\000e\000l\000o\000\040\000d\000e\000\040\000a\000c\000e\000p\000t\000a\000c\000i\000\363\000n\000\040\000t\000e\000c\000n\000o\000l\000\363\000g\000i\000c\000a\000\040\000\050\000T\000A\000M\000\051}{section.1.2}% 32
\BOOKMARK [2][-]{subsection.1.2.16}{\376\377\000F\000i\000g\000m\000a}{section.1.2}% 33
\BOOKMARK [1][-]{section.1.3}{\376\377\000O\000b\000j\000e\000t\000i\000v\000o\000\040\000g\000e\000n\000e\000r\000a\000l}{chapter.1}% 34
\BOOKMARK [1][-]{section.1.4}{\376\377\000O\000b\000j\000e\000t\000i\000v\000o\000s\000\040\000e\000s\000p\000e\000c\000\355\000f\000i\000c\000o\000s}{chapter.1}% 35
\BOOKMARK [0][-]{chapter.2}{\376\377\000M\000E\000T\000O\000D\000O\000L\000O\000G\000\315\000A}{}% 36
\BOOKMARK [1][-]{section.2.1}{\376\377\000M\000a\000t\000e\000r\000i\000a\000l\000e\000s}{chapter.2}% 37
\BOOKMARK [1][-]{section.2.2}{\376\377\000M\000\351\000t\000o\000d\000o\000s}{chapter.2}% 38
\BOOKMARK [2][-]{subsection.2.2.1}{\376\377\000M\000o\000d\000a\000l\000i\000d\000a\000d\000\040\000d\000e\000\040\000l\000a\000\040\000i\000n\000v\000e\000s\000t\000i\000g\000a\000c\000i\000\363\000n}{section.2.2}% 39
\BOOKMARK [2][-]{subsection.2.2.2}{\376\377\000P\000o\000b\000l\000a\000c\000i\000\363\000n\000\040\000y\000\040\000m\000u\000e\000s\000t\000r\000a}{section.2.2}% 40
\BOOKMARK [2][-]{subsection.2.2.3}{\376\377\000R\000e\000c\000o\000l\000e\000c\000c\000i\000\363\000n\000\040\000d\000e\000\040\000i\000n\000f\000o\000r\000m\000a\000c\000i\000\363\000n}{section.2.2}% 41
\BOOKMARK [2][-]{subsection.2.2.4}{\376\377\000P\000r\000o\000c\000e\000s\000a\000m\000i\000e\000n\000t\000o\000\040\000y\000\040\000a\000n\000\341\000l\000i\000s\000i\000s\000\040\000d\000e\000\040\000d\000a\000t\000o\000s}{section.2.2}% 42
\BOOKMARK [0][-]{chapter.3}{\376\377\000R\000E\000S\000U\000L\000T\000A\000D\000O\000S\000\040\000Y\000\040\000D\000I\000S\000C\000U\000S\000I\000\323\000N}{}% 43
\BOOKMARK [1][-]{section.3.1}{\376\377\000A\000n\000\341\000l\000i\000s\000i\000s\000\040\000d\000e\000\040\000h\000e\000r\000r\000a\000m\000i\000e\000n\000t\000a\000s\000\040\000d\000e\000\040\000d\000e\000s\000a\000r\000r\000o\000l\000l\000o}{chapter.3}% 44
\BOOKMARK [2][-]{subsection.3.1.1}{\376\377\000A\000n\000\341\000l\000i\000s\000i\000s\000\040\000y\000\040\000s\000e\000l\000e\000c\000c\000i\000\363\000n\000\040\000d\000e\000\040\000f\000r\000a\000m\000e\000w\000o\000r\000k\000s}{section.3.1}% 45
\BOOKMARK [1][-]{section.3.2}{\376\377\000D\000e\000f\000i\000n\000i\000c\000i\000\363\000n\000\040\000d\000e\000\040\000l\000a\000\040\000m\000e\000t\000o\000d\000o\000l\000o\000g\000\355\000a\000\040\000d\000e\000\040\000d\000e\000s\000a\000r\000r\000o\000l\000l\000o\000\040\000d\000e\000\040\000s\000o\000f\000t\000w\000a\000r\000e}{chapter.3}% 46
\BOOKMARK [2][-]{subsection.3.2.1}{\376\377\000C\000o\000m\000p\000a\000r\000a\000c\000i\000\363\000n\000\040\000e\000n\000t\000r\000e\000\040\000m\000e\000t\000o\000d\000o\000l\000o\000g\000\355\000a\000s\000\040\000t\000r\000a\000d\000i\000c\000i\000o\000n\000a\000l\000e\000s\000\040\000y\000\040\000m\000e\000t\000o\000d\000o\000l\000o\000g\000\355\000a\000s\000\040\000\341\000g\000i\000l\000e\000s}{section.3.2}% 47
\BOOKMARK [1][-]{section.3.3}{\376\377\000C\000\341\000l\000c\000u\000l\000o\000\040\000d\000e\000\040\000l\000a\000\040\000d\000i\000s\000t\000a\000n\000c\000i\000a\000\040\000H\000a\000v\000e\000r\000s\000i\000n\000e}{chapter.3}% 48
\BOOKMARK [1][-]{section.3.4}{\376\377\000A\000n\000\341\000l\000i\000s\000i\000s\000\040\000d\000e\000l\000\040\000p\000r\000o\000c\000e\000s\000o\000\040\000a\000c\000t\000u\000a\000l}{chapter.3}% 49
\BOOKMARK [1][-]{section.3.5}{\376\377\000D\000e\000s\000a\000r\000r\000o\000l\000l\000o\000\040\000d\000e\000\040\000l\000a\000\040\000p\000r\000o\000p\000u\000e\000s\000t\000a}{chapter.3}% 50
\BOOKMARK [2][-]{subsection.3.5.1}{\376\377\000P\000l\000a\000n\000i\000f\000i\000c\000a\000c\000i\000\363\000n\000\040\000d\000e\000\040\000r\000e\000q\000u\000e\000r\000i\000m\000i\000e\000n\000t\000o\000s}{section.3.5}% 51
\BOOKMARK [2][-]{subsection.3.5.2}{\376\377\000D\000i\000s\000e\000\361\000o\000\040\000d\000e\000\040\000u\000s\000u\000a\000r\000i\000o}{section.3.5}% 52
\BOOKMARK [2][-]{subsection.3.5.3}{\376\377\000C\000o\000n\000s\000t\000r\000u\000c\000c\000i\000\363\000n}{section.3.5}% 53
\BOOKMARK [2][-]{subsection.3.5.4}{\376\377\000T\000r\000a\000n\000s\000i\000c\000i\000\363\000n}{section.3.5}% 54
\BOOKMARK [1][-]{section.3.6}{\376\377\000A\000p\000l\000i\000c\000a\000c\000i\000\363\000n\000\040\000d\000e\000\040\000l\000o\000s\000\040\000c\000u\000e\000s\000t\000i\000o\000n\000a\000r\000i\000o\000s\000\040\000T\000A\000M}{chapter.3}% 55
\BOOKMARK [2][-]{subsection.3.6.1}{\376\377\000M\000o\000d\000e\000l\000o\000\040\000T\000A\000M}{section.3.6}% 56
\BOOKMARK [0][-]{chapter.4}{\376\377\000C\000O\000N\000C\000L\000U\000S\000I\000O\000N\000E\000S\000\040\000Y\000\040\000R\000E\000C\000O\000M\000E\000N\000D\000A\000C\000I\000O\000N\000E\000S}{}% 57
\BOOKMARK [1][-]{section.4.1}{\376\377\000C\000o\000n\000c\000l\000u\000s\000i\000o\000n\000e\000s}{chapter.4}% 58
\BOOKMARK [1][-]{section.4.2}{\376\377\000R\000e\000c\000o\000m\000e\000n\000d\000a\000c\000i\000o\000n\000e\000s}{chapter.4}% 59
\BOOKMARK [0][-]{chapter*.159}{\376\377\000R\000E\000F\000E\000R\000E\000N\000C\000I\000A\000S\000\040\000B\000I\000B\000L\000I\000O\000G\000R\000\301\000F\000I\000C\000A\000S}{}% 60
\BOOKMARK [0][-]{chapter*.160}{\376\377\000A\000n\000e\000x\000o\000s}{}% 61
